[dotenv@17.3.1] injecting env (15) from .env -- tip: ?????? secrets for agents: https://dotenvx.com/as2
Using MongoDB Memory Server as fallback...
node : node:events:486
At line:1 char:1
+ node server.js 2>&1 
| Out-File -FilePath 
crash.log -Encoding 
ascii
+ ~~~~~~~~~~~~~~~~~~~
    + CategoryInfo    
          : NotSpeci  
  fied: (node:event   
 s:486:String) [],    
 RemoteException
    + FullyQualifiedE 
   rrorId : NativeCo  
  mmandError
 
      throw er; // 
Unhandled 'error' 
event
      ^

Error: listen 
EADDRINUSE: address 
already in use :::5001
    at Server.setupLis
tenHandle [as 
_listen2] 
(node:net:1940:16)
    at 
listenInCluster 
(node:net:1997:12)
    at Server.listen 
(node:net:2102:7)
    at 
Object.<anonymous> 
(C:\TASKS\Nexus Full 
stack\Nexus Backend\se
rver.js:20:8)
    at 
Module._compile (node:
internal/modules/cjs/l
oader:1760:14)
    at Object..js (nod
e:internal/modules/cjs
/loader:1892:10)
    at Module.load (no
de:internal/modules/cj
s/loader:1480:32)
    at Module._load (n
ode:internal/modules/c
js/loader:1299:12)
    at TracingChannel.
traceSync (node:diagno
stics_channel:328:14)
    at wrapModuleLoad 
(node:internal/modules
/cjs/loader:245:24)
Emitted 'error' event 
on Server instance at:
    at emitErrorNT 
(node:net:1976:8)
    at process.process
TicksAndRejections (no
de:internal/process/ta
sk_queues:89:21) {
  code: 'EADDRINUSE',
  errno: -4091,
  syscall: 'listen',
  address: '::',
  port: 5001
}

Node.js v25.2.1
